<?xml version="1.0" encoding="UTF-8"?>
<!-- Generated by org.testng.reporters.JUnitXMLReporter -->
<testsuite ignored="1" hostname="LAPTOP-BNSC4CSI" failures="1" tests="1" name="Default test(failed)" time="5.074" errors="0" timestamp="2022-08-14T17:42:30 IST">
  <testcase classname="TimeOuts.TimeOutsKeyword" name="homePageTest" time="5.026">
    <failure type="org.testng.internal.thread.ThreadTimeoutException" message="Method TimeOuts.TimeOutsKeyword.homePageTest() didn&amp;apos;t finish within the time-out 5000">
      <![CDATA[org.testng.internal.thread.ThreadTimeoutException: Method TimeOuts.TimeOutsKeyword.homePageTest() didn't finish within the time-out 5000
at java.base/java.util.ArrayList.forEach(ArrayList.java:1511)
... Removed 24 stack frames]]>
    </failure>
  </testcase> <!-- homePageTest -->
  <testcase classname="TimeOuts.TimeOutsKeyword" name="profilePageTest" time="0.0">
    <ignored/>
  </testcase> <!-- profilePageTest -->
</testsuite> <!-- Default test(failed) -->
