<?xml version="1.0" encoding="UTF-8"?>
<!-- Generated by org.testng.reporters.JUnitXMLReporter -->
<testsuite ignored="6" hostname="LAPTOP-BNSC4CSI" failures="0" tests="3" name="Functional" time="0.047" errors="0" timestamp="2022-08-06T08:53:53 IST">
  <testcase classname="BeforeSuitAfterSuit.TC1" name="Test1" time="0.006"/>
  <testcase classname="BeforeSuitAfterSuit.TC2" name="Test4" time="0.002"/>
  <testcase classname="BeforeSuitAfterSuit.TC3" name="Test7" time="0.002"/>
  <testcase classname="BeforeSuitAfterSuit.TC1" name="Test3" time="0.0">
    <ignored/>
  </testcase> <!-- Test3 -->
  <testcase classname="BeforeSuitAfterSuit.TC3" name="Test8" time="0.0">
    <ignored/>
  </testcase> <!-- Test8 -->
  <testcase classname="BeforeSuitAfterSuit.TC2" name="Test6" time="0.0">
    <ignored/>
  </testcase> <!-- Test6 -->
  <testcase classname="BeforeSuitAfterSuit.TC1" name="Test2" time="0.0">
    <ignored/>
  </testcase> <!-- Test2 -->
  <testcase classname="BeforeSuitAfterSuit.TC2" name="Test5" time="0.0">
    <ignored/>
  </testcase> <!-- Test5 -->
  <testcase classname="BeforeSuitAfterSuit.TC3" name="Test9" time="0.0">
    <ignored/>
  </testcase> <!-- Test9 -->
</testsuite> <!-- Functional -->
